2018-05-28 11:17:10 DEBUG MainController:62 - Application initialized.
2018-05-28 11:26:00 DEBUG MainController:62 - Application initialized.
2018-05-28 11:26:05 DEBUG BacktrackingSudokuSolver:28 - Initial board game:
2018-05-28 11:26:05 DEBUG BacktrackingSudokuSolver:140 -  
2018-05-28 11:26:05 DEBUG BacktrackingSudokuSolver:140 -  
2018-05-28 11:26:05 DEBUG BacktrackingSudokuSolver:140 -  
2018-05-28 11:26:05 DEBUG BacktrackingSudokuSolver:140 -  
2018-05-28 11:26:05 DEBUG BacktrackingSudokuSolver:140 -  
2018-05-28 11:26:05 DEBUG BacktrackingSudokuSolver:140 -  
2018-05-28 11:26:05 DEBUG BacktrackingSudokuSolver:140 -  
2018-05-28 11:26:05 DEBUG BacktrackingSudokuSolver:140 -  
2018-05-28 11:26:05 DEBUG BacktrackingSudokuSolver:140 -  
2018-05-28 11:26:05 DEBUG BacktrackingSudokuSolver:30 - -------------------------
2018-05-28 11:26:05 DEBUG BacktrackingSudokuSolver:140 -  
2018-05-28 11:26:05 DEBUG BacktrackingSudokuSolver:140 -  
2018-05-28 11:26:05 DEBUG BacktrackingSudokuSolver:140 -  
2018-05-28 11:26:05 DEBUG BacktrackingSudokuSolver:140 -  
2018-05-28 11:26:05 DEBUG BacktrackingSudokuSolver:140 -  
2018-05-28 11:26:05 DEBUG BacktrackingSudokuSolver:140 -  
2018-05-28 11:26:05 DEBUG BacktrackingSudokuSolver:140 -  
2018-05-28 11:26:05 DEBUG BacktrackingSudokuSolver:140 -  
2018-05-28 11:26:05 DEBUG BacktrackingSudokuSolver:140 -  
2018-05-28 11:26:05 DEBUG SudokuBoard:126 - -------------------------
2018-05-28 11:26:05 DEBUG SudokuBoard:129 - 0  
2018-05-28 11:26:05 DEBUG SudokuBoard:129 - 0  
2018-05-28 11:26:05 DEBUG SudokuBoard:129 - 4  
2018-05-28 11:26:05 DEBUG SudokuBoard:129 - 0  
2018-05-28 11:26:05 DEBUG SudokuBoard:129 - 0  
2018-05-28 11:26:05 DEBUG SudokuBoard:129 - 0  
2018-05-28 11:26:05 DEBUG SudokuBoard:129 - 0  
2018-05-28 11:26:05 DEBUG SudokuBoard:129 - 0  
2018-05-28 11:26:05 DEBUG SudokuBoard:129 - 0  
2018-05-28 11:26:05 DEBUG SudokuBoard:131 -  
2018-05-28 11:26:05 DEBUG SudokuBoard:129 - 0  
2018-05-28 11:26:05 DEBUG SudokuBoard:129 - 7  
2018-05-28 11:26:05 DEBUG SudokuBoard:129 - 0  
2018-05-28 11:26:05 DEBUG SudokuBoard:129 - 0  
2018-05-28 11:26:05 DEBUG SudokuBoard:129 - 0  
2018-05-28 11:26:05 DEBUG SudokuBoard:129 - 0  
2018-05-28 11:26:05 DEBUG SudokuBoard:129 - 3  
2018-05-28 11:26:05 DEBUG SudokuBoard:129 - 0  
2018-05-28 11:26:05 DEBUG SudokuBoard:129 - 0  
2018-05-28 11:26:05 DEBUG SudokuBoard:131 -  
2018-05-28 11:26:05 DEBUG SudokuBoard:129 - 0  
2018-05-28 11:26:05 DEBUG SudokuBoard:129 - 0  
2018-05-28 11:26:05 DEBUG SudokuBoard:129 - 0  
2018-05-28 11:26:05 DEBUG SudokuBoard:129 - 0  
2018-05-28 11:26:05 DEBUG SudokuBoard:129 - 0  
2018-05-28 11:26:05 DEBUG SudokuBoard:129 - 0  
2018-05-28 11:26:05 DEBUG SudokuBoard:129 - 0  
2018-05-28 11:26:05 DEBUG SudokuBoard:129 - 0  
2018-05-28 11:26:05 DEBUG SudokuBoard:129 - 0  
2018-05-28 11:26:05 DEBUG SudokuBoard:131 -  
2018-05-28 11:26:05 DEBUG SudokuBoard:129 - 0  
2018-05-28 11:26:05 DEBUG SudokuBoard:129 - 0  
2018-05-28 11:26:05 DEBUG SudokuBoard:129 - 0  
2018-05-28 11:26:05 DEBUG SudokuBoard:129 - 0  
2018-05-28 11:26:05 DEBUG SudokuBoard:129 - 0  
2018-05-28 11:26:05 DEBUG SudokuBoard:129 - 0  
2018-05-28 11:26:05 DEBUG SudokuBoard:129 - 8  
2018-05-28 11:26:05 DEBUG SudokuBoard:129 - 0  
2018-05-28 11:26:05 DEBUG SudokuBoard:129 - 0  
2018-05-28 11:26:05 DEBUG SudokuBoard:131 -  
2018-05-28 11:26:05 DEBUG SudokuBoard:129 - 0  
2018-05-28 11:26:05 DEBUG SudokuBoard:129 - 8  
2018-05-28 11:26:05 DEBUG SudokuBoard:129 - 0  
2018-05-28 11:26:05 DEBUG SudokuBoard:129 - 0  
2018-05-28 11:26:05 DEBUG SudokuBoard:129 - 0  
2018-05-28 11:26:05 DEBUG SudokuBoard:129 - 0  
2018-05-28 11:26:05 DEBUG SudokuBoard:129 - 0  
2018-05-28 11:26:05 DEBUG SudokuBoard:129 - 0  
2018-05-28 11:26:05 DEBUG SudokuBoard:129 - 0  
2018-05-28 11:26:05 DEBUG SudokuBoard:131 -  
2018-05-28 11:26:05 DEBUG SudokuBoard:129 - 0  
2018-05-28 11:26:05 DEBUG SudokuBoard:129 - 0  
2018-05-28 11:26:05 DEBUG SudokuBoard:129 - 0  
2018-05-28 11:26:05 DEBUG SudokuBoard:129 - 0  
2018-05-28 11:26:05 DEBUG SudokuBoard:129 - 1  
2018-05-28 11:26:05 DEBUG SudokuBoard:129 - 0  
2018-05-28 11:26:05 DEBUG SudokuBoard:129 - 0  
2018-05-28 11:26:05 DEBUG SudokuBoard:129 - 0  
2018-05-28 11:26:05 DEBUG SudokuBoard:129 - 0  
2018-05-28 11:26:05 DEBUG SudokuBoard:131 -  
2018-05-28 11:26:05 DEBUG SudokuBoard:129 - 0  
2018-05-28 11:26:05 DEBUG SudokuBoard:129 - 0  
2018-05-28 11:26:05 DEBUG SudokuBoard:129 - 0  
2018-05-28 11:26:05 DEBUG SudokuBoard:129 - 0  
2018-05-28 11:26:05 DEBUG SudokuBoard:129 - 8  
2018-05-28 11:26:05 DEBUG SudokuBoard:129 - 0  
2018-05-28 11:26:05 DEBUG SudokuBoard:129 - 0  
2018-05-28 11:26:05 DEBUG SudokuBoard:129 - 2  
2018-05-28 11:26:05 DEBUG SudokuBoard:129 - 0  
2018-05-28 11:26:05 DEBUG SudokuBoard:131 -  
2018-05-28 11:26:05 DEBUG SudokuBoard:129 - 0  
2018-05-28 11:26:05 DEBUG SudokuBoard:129 - 0  
2018-05-28 11:26:05 DEBUG SudokuBoard:129 - 0  
2018-05-28 11:26:05 DEBUG SudokuBoard:129 - 0  
2018-05-28 11:26:05 DEBUG SudokuBoard:129 - 0  
2018-05-28 11:26:05 DEBUG SudokuBoard:129 - 0  
2018-05-28 11:26:05 DEBUG SudokuBoard:129 - 0  
2018-05-28 11:26:05 DEBUG SudokuBoard:129 - 0  
2018-05-28 11:26:05 DEBUG SudokuBoard:129 - 0  
2018-05-28 11:26:05 DEBUG SudokuBoard:131 -  
2018-05-28 11:26:05 DEBUG SudokuBoard:129 - 0  
2018-05-28 11:26:05 DEBUG SudokuBoard:129 - 0  
2018-05-28 11:26:05 DEBUG SudokuBoard:129 - 0  
2018-05-28 11:26:05 DEBUG SudokuBoard:129 - 0  
2018-05-28 11:26:05 DEBUG SudokuBoard:129 - 0  
2018-05-28 11:26:05 DEBUG SudokuBoard:129 - 0  
2018-05-28 11:26:05 DEBUG SudokuBoard:129 - 0  
2018-05-28 11:26:05 DEBUG SudokuBoard:129 - 0  
2018-05-28 11:26:05 DEBUG SudokuBoard:129 - 0  
2018-05-28 11:26:05 DEBUG SudokuBoard:131 -  
2018-05-28 11:28:02 DEBUG MainController:62 - Application initialized.
2018-05-28 11:28:04 DEBUG BacktrackingSudokuSolver:28 - Initial board game:
2018-05-28 11:28:04 DEBUG BacktrackingSudokuSolver:140 -  
2018-05-28 11:28:04 DEBUG BacktrackingSudokuSolver:140 -  
2018-05-28 11:28:04 DEBUG BacktrackingSudokuSolver:140 -  
2018-05-28 11:28:04 DEBUG BacktrackingSudokuSolver:140 -  
2018-05-28 11:28:04 DEBUG BacktrackingSudokuSolver:140 -  
2018-05-28 11:28:04 DEBUG BacktrackingSudokuSolver:140 -  
2018-05-28 11:28:04 DEBUG BacktrackingSudokuSolver:140 -  
2018-05-28 11:28:04 DEBUG BacktrackingSudokuSolver:140 -  
2018-05-28 11:28:04 DEBUG BacktrackingSudokuSolver:140 -  
2018-05-28 11:28:04 DEBUG BacktrackingSudokuSolver:30 - -------------------------
2018-05-28 11:28:04 DEBUG BacktrackingSudokuSolver:140 -  
2018-05-28 11:28:04 DEBUG BacktrackingSudokuSolver:140 -  
2018-05-28 11:28:04 DEBUG BacktrackingSudokuSolver:140 -  
2018-05-28 11:28:04 DEBUG BacktrackingSudokuSolver:140 -  
2018-05-28 11:28:04 DEBUG BacktrackingSudokuSolver:140 -  
2018-05-28 11:28:04 DEBUG BacktrackingSudokuSolver:140 -  
2018-05-28 11:28:04 DEBUG BacktrackingSudokuSolver:140 -  
2018-05-28 11:28:04 DEBUG BacktrackingSudokuSolver:140 -  
2018-05-28 11:28:04 DEBUG BacktrackingSudokuSolver:140 -  
2018-05-28 11:28:04 DEBUG SudokuBoard:126 - -------------------------
2018-05-28 11:28:04 DEBUG SudokuBoard:135 - 
0  0  0  0  0  0  0  0  0  
0  0  7  8  0  5  0  0  0  
0  0  0  0  0  0  0  0  0  
2  0  0  0  0  0  0  0  0  
1  0  0  0  0  0  0  0  0  
0  0  0  0  0  0  0  0  0  
0  0  1  0  0  0  0  0  0  
0  0  0  0  0  0  0  0  0  
0  0  0  0  0  0  0  0  0  

2018-05-28 11:29:04 DEBUG MainController:62 - Application initialized.
2018-05-28 11:29:07 DEBUG BacktrackingSudokuSolver:28 - Initial board game:
2018-05-28 11:29:07 DEBUG BacktrackingSudokuSolver:140 -  
2018-05-28 11:29:07 DEBUG BacktrackingSudokuSolver:140 -  
2018-05-28 11:29:07 DEBUG BacktrackingSudokuSolver:140 -  
2018-05-28 11:29:07 DEBUG BacktrackingSudokuSolver:140 -  
2018-05-28 11:29:07 DEBUG BacktrackingSudokuSolver:140 -  
2018-05-28 11:29:07 DEBUG BacktrackingSudokuSolver:140 -  
2018-05-28 11:29:07 DEBUG BacktrackingSudokuSolver:140 -  
2018-05-28 11:29:07 DEBUG BacktrackingSudokuSolver:140 -  
2018-05-28 11:29:07 DEBUG BacktrackingSudokuSolver:140 -  
2018-05-28 11:29:07 DEBUG BacktrackingSudokuSolver:30 - -------------------------
2018-05-28 11:29:07 DEBUG BacktrackingSudokuSolver:140 -  
2018-05-28 11:29:07 DEBUG BacktrackingSudokuSolver:140 -  
2018-05-28 11:29:07 DEBUG BacktrackingSudokuSolver:140 -  
2018-05-28 11:29:07 DEBUG BacktrackingSudokuSolver:140 -  
2018-05-28 11:29:07 DEBUG BacktrackingSudokuSolver:140 -  
2018-05-28 11:29:07 DEBUG BacktrackingSudokuSolver:140 -  
2018-05-28 11:29:07 DEBUG BacktrackingSudokuSolver:140 -  
2018-05-28 11:29:07 DEBUG BacktrackingSudokuSolver:140 -  
2018-05-28 11:29:07 DEBUG BacktrackingSudokuSolver:140 -  
2018-05-28 11:29:07 DEBUG SudokuBoard:126 - 
-------------------------
2018-05-28 11:29:07 DEBUG SudokuBoard:135 - 
0  0  0  0  4  0  0  0  0  
3  0  0  0  0  0  0  0  0  
0  0  0  0  0  0  0  0  0  
4  0  0  7  0  0  2  0  0  
0  0  0  0  0  0  0  0  0  
0  0  0  0  0  0  0  0  0  
0  5  0  0  0  0  0  0  0  
0  0  0  0  0  0  0  0  0  
0  0  0  0  0  0  0  0  0  

2018-05-28 11:30:32 DEBUG MainController:62 - Application initialized.
2018-05-28 11:30:34 DEBUG BacktrackingSudokuSolver:28 - Initial board game:
2018-05-28 11:30:34 INFO  BacktrackingSudokuSolver:143 - 8  0  0  0  0  0  0  0  0  
0  0  0  0  0  0  0  0  0  
0  7  0  0  0  0  0  0  0  
0  0  0  0  0  4  0  0  0  
0  0  0  0  0  0  0  0  0  
0  0  0  0  0  0  0  0  0  
0  0  0  0  0  0  0  0  0  
0  0  0  0  0  0  0  7  0  
0  0  0  0  0  0  0  0  0  

2018-05-28 11:30:34 DEBUG BacktrackingSudokuSolver:30 - -------------------------
2018-05-28 11:30:34 INFO  BacktrackingSudokuSolver:143 - 8  1  2  3  4  5  6  9  7  
3  4  5  6  7  9  1  2  8  
6  7  9  1  2  8  3  4  5  
1  2  3  5  6  4  7  8  9  
4  5  6  8  9  7  2  1  3  
7  9  8  2  1  3  4  5  6  
2  3  7  9  5  1  8  6  4  
5  8  1  4  3  6  9  7  2  
9  6  4  7  8  2  5  3  1  

2018-05-28 11:30:34 DEBUG SudokuBoard:126 - 
-------------------------
2018-05-28 11:30:34 INFO  SudokuBoard:135 - 
0  0  2  0  4  0  0  0  0  
0  0  0  0  0  0  0  2  0  
0  0  0  0  0  0  0  4  0  
0  0  0  0  0  0  0  0  0  
0  0  0  0  9  0  0  0  0  
0  0  0  2  0  0  0  0  0  
0  0  0  0  0  0  0  0  0  
0  0  0  0  0  0  0  0  0  
0  0  0  0  0  0  0  0  0  

2018-05-28 11:31:28 DEBUG MainController:62 - Application initialized.
2018-05-28 11:31:30 INFO  BacktrackingSudokuSolver:28 - 
Initial board game:
2018-05-28 11:31:30 INFO  BacktrackingSudokuSolver:143 - 0  0  0  0  0  8  0  0  0  
0  0  0  0  0  0  0  0  0  
0  0  0  0  0  0  0  0  0  
0  0  0  0  0  0  0  0  0  
0  0  0  0  0  0  0  0  0  
6  0  0  0  1  0  0  0  0  
0  0  0  0  0  0  0  0  0  
0  0  0  2  0  0  0  0  0  
0  0  0  0  0  0  0  0  0  

2018-05-28 11:31:30 INFO  BacktrackingSudokuSolver:30 - 
-------------------------
2018-05-28 11:31:30 INFO  BacktrackingSudokuSolver:143 - 7  1  2  3  4  8  5  6  9  
3  4  5  1  6  9  2  7  8  
8  6  9  5  2  7  1  3  4  
1  2  3  4  5  6  8  9  7  
4  5  7  8  9  2  3  1  6  
6  9  8  7  1  3  4  2  5  
2  3  4  6  7  5  9  8  1  
9  7  1  2  8  4  6  5  3  
5  8  6  9  3  1  7  4  2  

2018-05-28 11:31:30 DEBUG SudokuBoard:126 - 
-------------------------
2018-05-28 11:31:30 INFO  SudokuBoard:135 - 
0  0  0  0  0  0  5  0  0  
0  0  0  0  0  9  0  0  0  
0  0  0  0  0  0  0  0  0  
0  0  0  0  0  0  0  0  0  
0  0  0  8  0  0  0  0  0  
0  0  0  0  0  0  0  0  0  
0  0  0  0  0  0  0  8  0  
0  0  0  0  0  0  0  0  0  
0  0  0  0  0  0  0  0  0  

2018-05-28 11:32:01 DEBUG MainController:62 - Application initialized.
2018-05-28 11:32:03 INFO  BacktrackingSudokuSolver:28 - 
Initial board game:
2018-05-28 11:32:03 INFO  BacktrackingSudokuSolver:143 - 
0  0  8  0  0  6  0  0  0  
0  0  0  0  0  0  0  0  0  
0  0  0  0  0  0  0  0  0  
0  0  0  0  0  0  0  0  0  
0  0  0  0  0  0  0  0  0  
0  0  6  0  0  0  0  0  0  
0  0  0  0  4  7  0  0  0  
0  0  0  0  0  0  0  0  0  
0  0  0  0  0  0  0  0  0  

2018-05-28 11:32:03 INFO  BacktrackingSudokuSolver:30 - 
-------------------------
2018-05-28 11:32:03 INFO  BacktrackingSudokuSolver:143 - 
3  1  8  2  5  6  4  7  9  
2  4  5  1  7  9  3  6  8  
6  7  9  3  8  4  1  2  5  
1  2  3  4  6  5  8  9  7  
4  5  7  8  9  1  2  3  6  
8  9  6  7  2  3  5  1  4  
5  3  1  6  4  7  9  8  2  
7  8  4  9  1  2  6  5  3  
9  6  2  5  3  8  7  4  1  

2018-05-28 11:32:03 DEBUG SudokuBoard:126 - 
-------------------------
2018-05-28 11:32:03 INFO  SudokuBoard:135 - 
0  0  0  0  0  0  0  0  0  
0  0  0  0  0  0  0  0  0  
0  0  0  0  0  0  0  0  0  
0  2  0  0  0  0  0  0  0  
0  0  7  0  0  0  0  0  0  
0  0  0  0  2  0  0  0  0  
0  0  0  0  0  0  0  0  0  
0  8  0  0  0  0  0  0  0  
0  0  0  0  0  0  0  0  0  

